<?xml version="1.0" encoding="UTF-8"?>
<testng-results ignored="0" total="2" passed="2" failed="0" skipped="0">
  <reporter-output>
  </reporter-output>
  <suite started-at="2024-09-26T12:38:02 IST" name="Default suite" finished-at="2024-09-26T12:38:33 IST" duration-ms="30636">
    <groups>
    </groups>
    <test started-at="2024-09-26T12:38:02 IST" name="Default test" finished-at="2024-09-26T12:38:33 IST" duration-ms="30636">
      <class name="Task_2.apply_leave">
        <test-method is-config="true" signature="setup()[pri:0, instance:Task_2.apply_leave@4681c175]" started-at="2024-09-26T12:38:02 IST" name="setup" finished-at="2024-09-26T12:38:16 IST" duration-ms="13758" status="PASS">
          <reporter-output>
          </reporter-output>
        </test-method> <!-- setup -->
        <test-method signature="loginTest()[pri:1, instance:Task_2.apply_leave@4681c175]" started-at="2024-09-26T12:38:16 IST" name="loginTest" finished-at="2024-09-26T12:38:19 IST" duration-ms="2549" status="PASS">
          <reporter-output>
          </reporter-output>
        </test-method> <!-- loginTest -->
        <test-method signature="applyLeave()[pri:2, instance:Task_2.apply_leave@4681c175]" started-at="2024-09-26T12:38:19 IST" name="applyLeave" finished-at="2024-09-26T12:38:28 IST" duration-ms="8887" status="PASS">
          <reporter-output>
          </reporter-output>
        </test-method> <!-- applyLeave -->
        <test-method is-config="true" signature="tearDown()[pri:0, instance:Task_2.apply_leave@4681c175]" started-at="2024-09-26T12:38:28 IST" name="tearDown" finished-at="2024-09-26T12:38:33 IST" duration-ms="5363" status="PASS">
          <reporter-output>
          </reporter-output>
        </test-method> <!-- tearDown -->
      </class> <!-- Task_2.apply_leave -->
    </test> <!-- Default test -->
  </suite> <!-- Default suite -->
</testng-results>
